<?xml version="1.0" encoding="UTF-8"?>
<!-- Generated by org.testng.reporters.JUnitReportReporter -->
<testsuite hostname="DESKTOP-ACILHS4" failures="0" tests="6" name="in.novopay.platform.apis.test.getCorporateDetails.GetCorproateDetails" time="12.716" errors="0" timestamp="07 Aug 2020 09:21:00 GMT" skipped="0">
  <testcase classname="in.novopay.platform.apis.test.getCorporateDetails.GetCorproateDetails" name="TestRegression" time="1.716"/>
  <testcase classname="in.novopay.platform.apis.test.getCorporateDetails.GetCorproateDetails" name="TestRegression" time="5.350"/>
  <testcase classname="in.novopay.platform.apis.test.getCorporateDetails.GetCorproateDetails" name="TestRegression" time="1.871"/>
  <testcase classname="in.novopay.platform.apis.test.getCorporateDetails.GetCorproateDetails" name="TestRegressionNegative" time="1.202"/>
  <testcase classname="in.novopay.platform.apis.test.getCorporateDetails.GetCorproateDetails" name="TestRegressionNegative" time="1.279"/>
  <testcase classname="in.novopay.platform.apis.test.getCorporateDetails.GetCorproateDetails" name="TestRegressionNegative" time="1.298"/>
</testsuite> <!-- in.novopay.platform.apis.test.getCorporateDetails.GetCorproateDetails -->
