<?xml version="1.0" encoding="UTF-8"?>
<!-- Generated by org.testng.reporters.JUnitReportReporter -->
<testsuite hostname="DESKTOP-ACILHS4" failures="0" tests="1" name="in.novopay.platform.apis.test.login.login" time="4.011" errors="0" timestamp="07 Jul 2020 15:09:38 GMT" skipped="0">
  <testcase classname="in.novopay.platform.apis.test.login.login" name="getToken" time="4.011"/>
</testsuite> <!-- in.novopay.platform.apis.test.login.login -->
