<?xml version="1.0" encoding="UTF-8"?>
<!-- Generated by org.testng.reporters.JUnitReportReporter -->
<testsuite skipped="0" hostname="DESKTOP-ACILHS4" name="in.novopay.Training.PricingSetupDetailsTest" tests="1" failures="0" timestamp="27 Aug 2020 08:11:28 GMT" time="5.683" errors="0">
  <testcase name="test" time="5.683" classname="in.novopay.Training.PricingSetupDetailsTest"/>
</testsuite> <!-- in.novopay.Training.PricingSetupDetailsTest -->
